2024-08-19 13:27:42 - Starting C:\laragon\bin\nodejs\node-v18\node.exe  --harmony C:\laragon\www\spl_impresora_ticket\node_modules\node-windows\lib\wrapper.js --file C:\laragon\www\spl_impresora_ticket\index.js --scriptoptions= --log "MyAppService wrapper" --grow 0.25 --wait 1 --maxrestarts 3 --abortonerror n --stopparentfirst undefined
2024-08-19 13:27:43 - Started 8624
2024-12-12 08:48:18 - Starting C:\laragon\bin\nodejs\node-v18\node.exe  --harmony C:\laragon\www\spl_impresora_ticket\node_modules\node-windows\lib\wrapper.js --file C:\laragon\www\spl_impresora_ticket\index.js --scriptoptions= --log "MyAppService wrapper" --grow 0.25 --wait 1 --maxrestarts 3 --abortonerror n --stopparentfirst undefined
2024-12-12 08:48:18 - Started 5392
2024-12-12 08:48:18 - Stopping myappservice.exe
2024-12-12 08:48:18 - ProcessKill 5392
2024-12-12 08:48:18 - Shutdown exception
Message:Clase no registrada

Stacktrace:   en System.Runtime.InteropServices.Marshal.ThrowExceptionForHRInternal(Int32 errorCode, IntPtr errorInfo)
   en System.Management.ManagementScope.InitializeGuts(Object o)
   en System.Management.ManagementScope.Initialize()
   en System.Management.ManagementObjectSearcher.Initialize()
   en System.Management.ManagementObjectSearcher.Get()
   en winsw.WrapperService.GetChildPids(Int32 pid)
   en winsw.WrapperService.StopProcessAndChildren(Int32 pid)
   en winsw.WrapperService.StopIt()
   en winsw.WrapperService.OnShutdown()
2024-12-12 08:48:39 - Starting C:\laragon\bin\nodejs\node-v18\node.exe  --harmony C:\laragon\www\spl_impresora_ticket\node_modules\node-windows\lib\wrapper.js --file C:\laragon\www\spl_impresora_ticket\index.js --scriptoptions= --log "MyAppService wrapper" --grow 0.25 --wait 1 --maxrestarts 3 --abortonerror n --stopparentfirst undefined
2024-12-12 08:48:39 - Started 5188
2024-12-23 08:47:25 - Starting C:\laragon\bin\nodejs\node-v18\node.exe  --harmony C:\laragon\www\spl_impresora_ticket\node_modules\node-windows\lib\wrapper.js --file C:\laragon\www\spl_impresora_ticket\index.js --scriptoptions= --log "MyAppService wrapper" --grow 0.25 --wait 1 --maxrestarts 3 --abortonerror n --stopparentfirst undefined
2024-12-23 08:47:26 - Started 5556
2024-12-23 11:26:28 - Starting C:\laragon\bin\nodejs\node-v18\node.exe  --harmony C:\laragon\www\spl_impresora_ticket\node_modules\node-windows\lib\wrapper.js --file C:\laragon\www\spl_impresora_ticket\index.js --scriptoptions= --log "MyAppService wrapper" --grow 0.25 --wait 1 --maxrestarts 3 --abortonerror n --stopparentfirst undefined
2024-12-23 11:26:29 - Started 5212
2024-12-23 11:36:45 - Starting C:\laragon\bin\nodejs\node-v18\node.exe  --harmony C:\laragon\www\spl_impresora_ticket\node_modules\node-windows\lib\wrapper.js --file C:\laragon\www\spl_impresora_ticket\index.js --scriptoptions= --log "MyAppService wrapper" --grow 0.25 --wait 1 --maxrestarts 3 --abortonerror n --stopparentfirst undefined
2024-12-23 11:36:45 - Started 5900
2024-12-23 12:15:32 - Starting C:\laragon\bin\nodejs\node-v18\node.exe  --harmony C:\laragon\www\spl_impresora_ticket\node_modules\node-windows\lib\wrapper.js --file C:\laragon\www\spl_impresora_ticket\index.js --scriptoptions= --log "MyAppService wrapper" --grow 0.25 --wait 1 --maxrestarts 3 --abortonerror n --stopparentfirst undefined
2024-12-23 12:15:32 - Started 3080
2024-12-31 08:20:51 - Starting C:\laragon\bin\nodejs\node-v18\node.exe  --harmony C:\laragon\www\spl_impresora_ticket\node_modules\node-windows\lib\wrapper.js --file C:\laragon\www\spl_impresora_ticket\index.js --scriptoptions= --log "MyAppService wrapper" --grow 0.25 --wait 1 --maxrestarts 3 --abortonerror n --stopparentfirst undefined
2024-12-31 08:20:51 - Started 5180
2025-01-10 08:52:31 - Starting C:\laragon\bin\nodejs\node-v18\node.exe  --harmony C:\laragon\www\spl_impresora_ticket\node_modules\node-windows\lib\wrapper.js --file C:\laragon\www\spl_impresora_ticket\index.js --scriptoptions= --log "MyAppService wrapper" --grow 0.25 --wait 1 --maxrestarts 3 --abortonerror n --stopparentfirst undefined
2025-01-10 08:52:31 - Started 5568
2025-01-10 10:23:17 - Starting C:\laragon\bin\nodejs\node-v18\node.exe  --harmony C:\laragon\www\spl_impresora_ticket\node_modules\node-windows\lib\wrapper.js --file C:\laragon\www\spl_impresora_ticket\index.js --scriptoptions= --log "MyAppService wrapper" --grow 0.25 --wait 1 --maxrestarts 3 --abortonerror n --stopparentfirst undefined
2025-01-10 10:23:18 - Started 5396
2025-01-13 15:01:46 - Starting C:\laragon\bin\nodejs\node-v18\node.exe  --harmony C:\laragon\www\spl_impresora_ticket\node_modules\node-windows\lib\wrapper.js --file C:\laragon\www\spl_impresora_ticket\index.js --scriptoptions= --log "MyAppService wrapper" --grow 0.25 --wait 1 --maxrestarts 3 --abortonerror n --stopparentfirst undefined
2025-01-13 15:01:46 - Started 5800
2025-01-14 08:17:36 - Starting C:\laragon\bin\nodejs\node-v18\node.exe  --harmony C:\laragon\www\spl_impresora_ticket\node_modules\node-windows\lib\wrapper.js --file C:\laragon\www\spl_impresora_ticket\index.js --scriptoptions= --log "MyAppService wrapper" --grow 0.25 --wait 1 --maxrestarts 3 --abortonerror n --stopparentfirst undefined
2025-01-14 08:17:36 - Started 5476
2025-01-16 14:50:00 - Starting C:\laragon\bin\nodejs\node-v18\node.exe  --harmony C:\laragon\www\spl_impresora_ticket\node_modules\node-windows\lib\wrapper.js --file C:\laragon\www\spl_impresora_ticket\index.js --scriptoptions= --log "MyAppService wrapper" --grow 0.25 --wait 1 --maxrestarts 3 --abortonerror n --stopparentfirst undefined
2025-01-16 14:50:00 - Started 5428
2025-01-17 08:39:26 - Starting C:\laragon\bin\nodejs\node-v18\node.exe  --harmony C:\laragon\www\spl_impresora_ticket\node_modules\node-windows\lib\wrapper.js --file C:\laragon\www\spl_impresora_ticket\index.js --scriptoptions= --log "MyAppService wrapper" --grow 0.25 --wait 1 --maxrestarts 3 --abortonerror n --stopparentfirst undefined
2025-01-17 08:39:26 - Started 5556
2025-01-24 08:59:18 - Starting C:\laragon\bin\nodejs\node-v18\node.exe  --harmony C:\laragon\www\spl_impresora_ticket\node_modules\node-windows\lib\wrapper.js --file C:\laragon\www\spl_impresora_ticket\index.js --scriptoptions= --log "MyAppService wrapper" --grow 0.25 --wait 1 --maxrestarts 3 --abortonerror n --stopparentfirst undefined
2025-01-24 08:59:18 - Started 5556
2025-01-24 12:02:43 - Starting C:\laragon\bin\nodejs\node-v18\node.exe  --harmony C:\laragon\www\spl_impresora_ticket\node_modules\node-windows\lib\wrapper.js --file C:\laragon\www\spl_impresora_ticket\index.js --scriptoptions= --log "MyAppService wrapper" --grow 0.25 --wait 1 --maxrestarts 3 --abortonerror n --stopparentfirst undefined
2025-01-24 12:02:43 - Started 5660
2025-01-28 08:17:07 - Starting C:\laragon\bin\nodejs\node-v18\node.exe  --harmony C:\laragon\www\spl_impresora_ticket\node_modules\node-windows\lib\wrapper.js --file C:\laragon\www\spl_impresora_ticket\index.js --scriptoptions= --log "MyAppService wrapper" --grow 0.25 --wait 1 --maxrestarts 3 --abortonerror n --stopparentfirst undefined
2025-01-28 08:17:08 - Started 5720
2025-01-28 11:05:21 - Starting C:\laragon\bin\nodejs\node-v18\node.exe  --harmony C:\laragon\www\spl_impresora_ticket\node_modules\node-windows\lib\wrapper.js --file C:\laragon\www\spl_impresora_ticket\index.js --scriptoptions= --log "MyAppService wrapper" --grow 0.25 --wait 1 --maxrestarts 3 --abortonerror n --stopparentfirst undefined
2025-01-28 11:05:21 - Started 6016
2025-01-28 13:11:38 - Starting C:\laragon\bin\nodejs\node-v18\node.exe  --harmony C:\laragon\www\spl_impresora_ticket\node_modules\node-windows\lib\wrapper.js --file C:\laragon\www\spl_impresora_ticket\index.js --scriptoptions= --log "MyAppService wrapper" --grow 0.25 --wait 1 --maxrestarts 3 --abortonerror n --stopparentfirst undefined
2025-01-28 13:11:38 - Started 5528
2025-01-29 09:00:43 - Starting C:\laragon\bin\nodejs\node-v18\node.exe  --harmony C:\laragon\www\spl_impresora_ticket\node_modules\node-windows\lib\wrapper.js --file C:\laragon\www\spl_impresora_ticket\index.js --scriptoptions= --log "MyAppService wrapper" --grow 0.25 --wait 1 --maxrestarts 3 --abortonerror n --stopparentfirst undefined
2025-01-29 09:00:43 - Started 5008
2025-01-29 11:19:38 - Starting C:\laragon\bin\nodejs\node-v18\node.exe  --harmony C:\laragon\www\spl_impresora_ticket\node_modules\node-windows\lib\wrapper.js --file C:\laragon\www\spl_impresora_ticket\index.js --scriptoptions= --log "MyAppService wrapper" --grow 0.25 --wait 1 --maxrestarts 3 --abortonerror n --stopparentfirst undefined
2025-01-29 11:19:39 - Started 6080
2025-02-27 14:34:11 - Starting C:\laragon\bin\nodejs\node-v18\node.exe  --harmony C:\laragon\www\spl_impresora_ticket\node_modules\node-windows\lib\wrapper.js --file C:\laragon\www\spl_impresora_ticket\index.js --scriptoptions= --log "MyAppService wrapper" --grow 0.25 --wait 1 --maxrestarts 3 --abortonerror n --stopparentfirst undefined
2025-02-27 14:34:11 - Started 5820
2025-02-28 07:56:39 - Starting C:\laragon\bin\nodejs\node-v18\node.exe  --harmony C:\laragon\www\spl_impresora_ticket\node_modules\node-windows\lib\wrapper.js --file C:\laragon\www\spl_impresora_ticket\index.js --scriptoptions= --log "MyAppService wrapper" --grow 0.25 --wait 1 --maxrestarts 3 --abortonerror n --stopparentfirst undefined
2025-02-28 07:56:40 - Started 4732
2025-03-17 00:20:02 - Starting C:\laragon\bin\nodejs\node-v18\node.exe  --harmony C:\laragon\www\spl_impresora_ticket\node_modules\node-windows\lib\wrapper.js --file C:\laragon\www\spl_impresora_ticket\index.js --scriptoptions= --log "MyAppService wrapper" --grow 0.25 --wait 1 --maxrestarts 3 --abortonerror n --stopparentfirst undefined
2025-03-17 00:20:02 - Started 5844
2025-03-18 00:24:46 - Starting C:\laragon\bin\nodejs\node-v18\node.exe  --harmony C:\laragon\www\spl_impresora_ticket\node_modules\node-windows\lib\wrapper.js --file C:\laragon\www\spl_impresora_ticket\index.js --scriptoptions= --log "MyAppService wrapper" --grow 0.25 --wait 1 --maxrestarts 3 --abortonerror n --stopparentfirst undefined
2025-03-18 00:24:46 - Started 6128
2025-03-18 09:38:46 - Starting C:\laragon\bin\nodejs\node-v18\node.exe  --harmony C:\laragon\www\spl_impresora_ticket\node_modules\node-windows\lib\wrapper.js --file C:\laragon\www\spl_impresora_ticket\index.js --scriptoptions= --log "MyAppService wrapper" --grow 0.25 --wait 1 --maxrestarts 3 --abortonerror n --stopparentfirst undefined
2025-03-18 09:38:47 - Started 5696
2025-04-23 14:52:17 - Starting C:\laragon\bin\nodejs\node-v18\node.exe  --harmony C:\laragon\www\spl_impresora_ticket\node_modules\node-windows\lib\wrapper.js --file C:\laragon\www\spl_impresora_ticket\index.js --scriptoptions= --log "MyAppService wrapper" --grow 0.25 --wait 1 --maxrestarts 3 --abortonerror n --stopparentfirst undefined
2025-04-23 14:52:17 - Started 6308
2025-04-24 09:04:10 - Starting C:\laragon\bin\nodejs\node-v18\node.exe  --harmony C:\laragon\www\spl_impresora_ticket\node_modules\node-windows\lib\wrapper.js --file C:\laragon\www\spl_impresora_ticket\index.js --scriptoptions= --log "MyAppService wrapper" --grow 0.25 --wait 1 --maxrestarts 3 --abortonerror n --stopparentfirst undefined
2025-04-24 09:04:10 - Started 6492
2025-05-28 14:59:14 - Starting C:\laragon\bin\nodejs\node-v18\node.exe  --harmony C:\laragon\www\spl_impresora_ticket\node_modules\node-windows\lib\wrapper.js --file C:\laragon\www\spl_impresora_ticket\index.js --scriptoptions= --log "MyAppService wrapper" --grow 0.25 --wait 1 --maxrestarts 3 --abortonerror n --stopparentfirst undefined
2025-05-28 14:59:14 - Started 5736
2025-05-28 15:00:39 - Starting C:\laragon\bin\nodejs\node-v18\node.exe  --harmony C:\laragon\www\spl_impresora_ticket\node_modules\node-windows\lib\wrapper.js --file C:\laragon\www\spl_impresora_ticket\index.js --scriptoptions= --log "MyAppService wrapper" --grow 0.25 --wait 1 --maxrestarts 3 --abortonerror n --stopparentfirst undefined
2025-05-28 15:00:39 - Started 6256
2025-06-23 09:31:58 - Starting C:\laragon\bin\nodejs\node-v18\node.exe  --harmony C:\laragon\www\spl_impresora_ticket\node_modules\node-windows\lib\wrapper.js --file C:\laragon\www\spl_impresora_ticket\index.js --scriptoptions= --log "MyAppService wrapper" --grow 0.25 --wait 1 --maxrestarts 3 --abortonerror n --stopparentfirst undefined
2025-06-23 09:31:59 - Started 7036
2025-06-23 11:38:53 - Starting C:\laragon\bin\nodejs\node-v18\node.exe  --harmony C:\laragon\www\spl_impresora_ticket\node_modules\node-windows\lib\wrapper.js --file C:\laragon\www\spl_impresora_ticket\index.js --scriptoptions= --log "MyAppService wrapper" --grow 0.25 --wait 1 --maxrestarts 3 --abortonerror n --stopparentfirst undefined
2025-06-23 11:38:53 - Started 6016
